<?xml version="1.0" encoding="utf-8"?><testsuites name="pytest tests"><testsuite name="pytest" errors="0" failures="0" skipped="0" tests="20" time="1.999" timestamp="2026-01-12T15:23:12.810866+00:00" hostname="agent-env-51c23920-51fc-4b43-a240-271d9cd237bd"><testcase classname="tests.test_hipnotik_features.TestSalesStatuses" name="test_get_sale_statuses" time="0.327" /><testcase classname="tests.test_hipnotik_features.TestSalesScore" name="test_sale_has_score_field" time="0.047" /><testcase classname="tests.test_hipnotik_features.TestSalesScore" name="test_score_calculation_high_value_sale" time="0.044" /><testcase classname="tests.test_hipnotik_features.TestSalesScore" name="test_score_calculation_low_value_sale" time="0.041" /><testcase classname="tests.test_hipnotik_features.TestSaleUpdate" name="test_update_sale_status" time="0.087" /><testcase classname="tests.test_hipnotik_features.TestSaleUpdate" name="test_update_sale_company_and_price" time="0.094" /><testcase classname="tests.test_hipnotik_features.TestSaleUpdate" name="test_update_sale_recalculates_score" time="0.083" /><testcase classname="tests.test_hipnotik_features.TestSaleUpdate" name="test_update_sale_invalid_status" time="0.126" /><testcase classname="tests.test_hipnotik_features.TestSaleUpdate" name="test_update_sale_not_found" time="0.038" /><testcase classname="tests.test_hipnotik_features.TestClientUpdate" name="test_update_client_basic_fields" time="0.071" /><testcase classname="tests.test_hipnotik_features.TestClientUpdate" name="test_update_client_dni_and_address" time="0.113" /><testcase classname="tests.test_hipnotik_features.TestClientUpdate" name="test_update_client_internal_notes" time="0.155" /><testcase classname="tests.test_hipnotik_features.TestClientUpdate" name="test_update_client_not_found" time="0.037" /><testcase classname="tests.test_hipnotik_features.TestClientSales" name="test_get_client_sales_with_total_score" time="0.155" /><testcase classname="tests.test_hipnotik_features.TestFichajesAdmin" name="test_get_fichajes_admin_summary" time="0.043" /><testcase classname="tests.test_hipnotik_features.TestFichajesAdmin" name="test_get_fichajes_admin_history" time="0.117" /><testcase classname="tests.test_hipnotik_features.TestFichajesAdmin" name="test_get_fichajes_admin_history_not_found" time="0.038" /><testcase classname="tests.test_hipnotik_features.TestFichajesAdmin" name="test_fichajes_admin_requires_superadmin" time="0.000" /><testcase classname="tests.test_hipnotik_features.TestSaleStatusPatch" name="test_patch_sale_status" time="0.085" /><testcase classname="tests.test_hipnotik_features.TestSaleStatusPatch" name="test_patch_sale_status_invalid" time="0.110" /></testsuite></testsuites>