<?xml version="1.0" encoding="utf-8"?><testsuites name="pytest tests"><testsuite name="pytest" errors="0" failures="0" skipped="0" tests="18" time="2.629" timestamp="2026-01-10T14:05:43.927020+00:00" hostname="agent-env-51c23920-51fc-4b43-a240-271d9cd237bd"><testcase classname="tests.test_sales_notifications.TestAuth" name="test_login_success" time="0.282" /><testcase classname="tests.test_sales_notifications.TestAuth" name="test_login_invalid_credentials" time="0.038" /><testcase classname="tests.test_sales_notifications.TestSalesEndpoints" name="test_get_sales_list" time="0.300" /><testcase classname="tests.test_sales_notifications.TestSalesEndpoints" name="test_create_sale_with_extended_fields" time="0.037" /><testcase classname="tests.test_sales_notifications.TestSalesEndpoints" name="test_get_sale_detail" time="0.120" /><testcase classname="tests.test_sales_notifications.TestSalesEndpoints" name="test_get_sale_detail_not_found" time="0.037" /><testcase classname="tests.test_sales_notifications.TestSalesEndpoints" name="test_create_sale_mobile_only" time="0.039" /><testcase classname="tests.test_sales_notifications.TestNotificationEndpoints" name="test_get_notifications" time="0.300" /><testcase classname="tests.test_sales_notifications.TestNotificationEndpoints" name="test_get_unread_count" time="0.038" /><testcase classname="tests.test_sales_notifications.TestNotificationEndpoints" name="test_notification_created_on_sale" time="0.151" /><testcase classname="tests.test_sales_notifications.TestNotificationEndpoints" name="test_mark_notification_read" time="0.070" /><testcase classname="tests.test_sales_notifications.TestNotificationEndpoints" name="test_mark_all_notifications_read" time="0.065" /><testcase classname="tests.test_sales_notifications.TestPacksEndpoints" name="test_get_packs" time="0.298" /><testcase classname="tests.test_sales_notifications.TestPacksEndpoints" name="test_get_active_packs" time="0.035" /><testcase classname="tests.test_sales_notifications.TestClientsEndpoints" name="test_get_clients" time="0.299" /><testcase classname="tests.test_sales_notifications.TestClientsEndpoints" name="test_search_clients" time="0.034" /><testcase classname="tests.test_sales_notifications.TestDashboardEndpoints" name="test_get_dashboard_kpis" time="0.302" /><testcase classname="tests.test_sales_notifications.TestDashboardEndpoints" name="test_get_team_ranking" time="0.038" /></testsuite></testsuites>